# JRE version: Java(TM) SE Runtime Environment (21.0.2+13) (build 21.0.2+13-LTS-58)
# Java VM: Java HotSpot(TM) 64-Bit Server VM (21.0.2+13-LTS-58, mixed mode, sharing, tiered, compressed oops, compressed class ptrs, g1 gc, windows-amd64)
GC Precious Log:
 CardTable entry size: 512
 Card Set container configuration: InlinePtr #cards 5 size 8 Array Of Cards #cards 12 size 40 Howl #buckets 4 coarsen threshold 1843 Howl Bitmap #cards 512 size 80 coarsen threshold 460 Card regions per heap region 1 cards per card region 2048
 CPUs: 8 total, 8 available
 Memory: 8070M
 Large Page Support: Disabled
 NUMA Support: Disabled
 Compressed Oops: Enabled (32-bit)
 Heap Region Size: 1M
 Heap Min Capacity: 8M
 Heap Initial Capacity: 128M
 Heap Max Capacity: 2018M
 Pre-touch: Disabled
 Parallel Workers: 8
 Concurrent Workers: 2
 Concurrent Refinement Workers: 8
 Periodic GC: Disabled
Heap:
 garbage-first heap   total 60416K, used 45864K [0x0000000081e00000, 0x0000000100000000)
  region size 1024K, 18 young (18432K), 3 survivors (3072K)
 Metaspace       used 67315K, committed 68096K, reserved 1114112K
  class space    used 9188K, committed 9536K, reserved 1048576K
GC Heap History (20 events):
Event: 6.820 GC heap before
{Heap before GC invocations=2 (full 0):
 garbage-first heap   total 131072K, used 45973K [0x0000000081e00000, 0x0000000100000000)
  region size 1024K, 40 young (40960K), 3 survivors (3072K)
 Metaspace       used 21238K, committed 21504K, reserved 1114112K
  class space    used 2649K, committed 2752K, reserved 1048576K
}
Event: 6.832 GC heap after
{Heap after GC invocations=3 (full 0):
 garbage-first heap   total 131072K, used 13572K [0x0000000081e00000, 0x0000000100000000)
  region size 1024K, 6 young (6144K), 6 survivors (6144K)
 Metaspace       used 21238K, committed 21504K, reserved 1114112K
  class space    used 2649K, committed 2752K, reserved 1048576K
}
Event: 8.856 GC heap before
{Heap before GC invocations=4 (full 0):
 garbage-first heap   total 51200K, used 50436K [0x0000000081e00000, 0x0000000100000000)
  region size 1024K, 42 young (43008K), 6 survivors (6144K)
 Metaspace       used 25588K, committed 25920K, reserved 1114112K
  class space    used 3180K, committed 3328K, reserved 1048576K
}
Event: 8.872 GC heap after
{Heap after GC invocations=5 (full 0):
 garbage-first heap   total 60416K, used 15907K [0x0000000081e00000, 0x0000000100000000)
  region size 1024K, 6 young (6144K), 6 survivors (6144K)
 Metaspace       used 25588K, committed 25920K, reserved 1114112K
  class space    used 3180K, committed 3328K, reserved 1048576K
}
Event: 11.460 GC heap before
{Heap before GC invocations=5 (full 0):
 garbage-first heap   total 60416K, used 45603K [0x0000000081e00000, 0x0000000100000000)
  region size 1024K, 35 young (35840K), 6 survivors (6144K)
 Metaspace       used 30711K, committed 31232K, reserved 1114112K
  class space    used 3946K, committed 4160K, reserved 1048576K
}
Event: 11.475 GC heap after
{Heap after GC invocations=6 (full 0):
 garbage-first heap   total 60416K, used 18414K [0x0000000081e00000, 0x0000000100000000)
  region size 1024K, 5 young (5120K), 5 survivors (5120K)
 Metaspace       used 30711K, committed 31232K, reserved 1114112K
  class space    used 3946K, committed 4160K, reserved 1048576K
}
Event: 12.631 GC heap before
{Heap before GC invocations=6 (full 0):
 garbage-first heap   total 60416K, used 42990K [0x0000000081e00000, 0x0000000100000000)
  region size 1024K, 30 young (30720K), 5 survivors (5120K)
 Metaspace       used 35496K, committed 35968K, reserved 1114112K
  class space    used 4541K, committed 4736K, reserved 1048576K
}
Event: 12.642 GC heap after
{Heap after GC invocations=7 (full 0):
 garbage-first heap   total 60416K, used 20758K [0x0000000081e00000, 0x0000000100000000)
  region size 1024K, 3 young (3072K), 3 survivors (3072K)
 Metaspace       used 35496K, committed 35968K, reserved 1114112K
  class space    used 4541K, committed 4736K, reserved 1048576K
}
Event: 14.431 GC heap before
{Heap before GC invocations=8 (full 0):
 garbage-first heap   total 60416K, used 48406K [0x0000000081e00000, 0x0000000100000000)
  region size 1024K, 30 young (30720K), 3 survivors (3072K)
 Metaspace       used 43598K, committed 44160K, reserved 1114112K
  class space    used 5760K, committed 6016K, reserved 1048576K
}
Event: 14.438 GC heap after
{Heap after GC invocations=9 (full 0):
 garbage-first heap   total 60416K, used 22391K [0x0000000081e00000, 0x0000000100000000)
  region size 1024K, 4 young (4096K), 4 survivors (4096K)
 Metaspace       used 43598K, committed 44160K, reserved 1114112K
  class space    used 5760K, committed 6016K, reserved 1048576K
}
Event: 15.920 GC heap before
{Heap before GC invocations=9 (full 0):
 garbage-first heap   total 60416K, used 49015K [0x0000000081e00000, 0x0000000100000000)
  region size 1024K, 31 young (31744K), 4 survivors (4096K)
 Metaspace       used 51968K, committed 52544K, reserved 1114112K
  class space    used 6895K, committed 7168K, reserved 1048576K
}
Event: 15.928 GC heap after
{Heap after GC invocations=10 (full 0):
 garbage-first heap   total 60416K, used 24005K [0x0000000081e00000, 0x0000000100000000)
  region size 1024K, 4 young (4096K), 4 survivors (4096K)
 Metaspace       used 51968K, committed 52544K, reserved 1114112K
  class space    used 6895K, committed 7168K, reserved 1048576K
}
Event: 17.424 GC heap before
{Heap before GC invocations=10 (full 0):
 garbage-first heap   total 60416K, used 50629K [0x0000000081e00000, 0x0000000100000000)
  region size 1024K, 31 young (31744K), 4 survivors (4096K)
 Metaspace       used 58659K, committed 59264K, reserved 1114112K
  class space    used 7998K, committed 8256K, reserved 1048576K
}
Event: 17.432 GC heap after
{Heap after GC invocations=11 (full 0):
 garbage-first heap   total 60416K, used 25860K [0x0000000081e00000, 0x0000000100000000)
  region size 1024K, 4 young (4096K), 4 survivors (4096K)
 Metaspace       used 58659K, committed 59264K, reserved 1114112K
  class space    used 7998K, committed 8256K, reserved 1048576K
}
Event: 17.624 GC heap before
{Heap before GC invocations=11 (full 0):
 garbage-first heap   total 60416K, used 30980K [0x0000000081e00000, 0x0000000100000000)
  region size 1024K, 10 young (10240K), 4 survivors (4096K)
 Metaspace       used 59647K, committed 60288K, reserved 1114112K
  class space    used 8080K, committed 8384K, reserved 1048576K
}
Event: 17.629 GC heap after
{Heap after GC invocations=12 (full 0):
 garbage-first heap   total 60416K, used 26496K [0x0000000081e00000, 0x0000000100000000)
  region size 1024K, 3 young (3072K), 3 survivors (3072K)
 Metaspace       used 59647K, committed 60288K, reserved 1114112K
  class space    used 8080K, committed 8384K, reserved 1048576K
}
Event: 18.637 GC heap before
{Heap before GC invocations=13 (full 0):
 garbage-first heap   total 60416K, used 51072K [0x0000000081e00000, 0x0000000100000000)
  region size 1024K, 28 young (28672K), 3 survivors (3072K)
 Metaspace       used 63587K, committed 64320K, reserved 1114112K
  class space    used 8702K, committed 9024K, reserved 1048576K
}
Event: 18.645 GC heap after
{Heap after GC invocations=14 (full 0):
 garbage-first heap   total 60416K, used 28784K [0x0000000081e00000, 0x0000000100000000)
  region size 1024K, 3 young (3072K), 3 survivors (3072K)
 Metaspace       used 63587K, committed 64320K, reserved 1114112K
  class space    used 8702K, committed 9024K, reserved 1048576K
}
Event: 19.530 GC heap before
{Heap before GC invocations=14 (full 0):
 garbage-first heap   total 60416K, used 51312K [0x0000000081e00000, 0x0000000100000000)
  region size 1024K, 26 young (26624K), 3 survivors (3072K)
 Metaspace       used 66551K, committed 67328K, reserved 1114112K
  class space    used 9093K, committed 9472K, reserved 1048576K
}
Event: 19.540 GC heap after
{Heap after GC invocations=15 (full 0):
 garbage-first heap   total 60416K, used 31528K [0x0000000081e00000, 0x0000000100000000)
  region size 1024K, 3 young (3072K), 3 survivors (3072K)
 Metaspace       used 66551K, committed 67328K, reserved 1114112K
  class space    used 9093K, committed 9472K, reserved 1048576K
}

